2022-06-08 01:26:38.873 CEST [15191] LOG:  starting PostgreSQL 14.0 on aarch64-apple-darwin20.6.0, compiled by Apple clang version 12.0.5 (clang-1205.0.22.9), 64-bit
2022-06-08 01:26:38.877 CEST [15191] LOG:  listening on IPv6 address "::1", port 6776
2022-06-08 01:26:38.877 CEST [15191] LOG:  listening on IPv4 address "127.0.0.1", port 6776
2022-06-08 01:26:38.879 CEST [15191] LOG:  listening on Unix socket "/tmp/.s.PGSQL.6776"
2022-06-08 01:26:38.882 CEST [15192] LOG:  database system was shut down at 2022-06-08 01:26:38 CEST
2022-06-08 01:26:38.886 CEST [15191] LOG:  database system is ready to accept connections
2022-06-08 01:27:06.758 CEST [15275] FATAL:  database "raw_data" does not exist
2022-06-14 00:56:42.553 CEST [32366] ERROR:  relation "moods" does not exist at character 13
2022-06-14 00:56:42.553 CEST [32366] STATEMENT:  INSERT INTO "moods" ("value","id") VALUES ($1,$2) RETURNING "id"
2022-06-14 00:57:05.133 CEST [32366] ERROR:  relation "moods" does not exist at character 13
2022-06-14 00:57:05.133 CEST [32366] STATEMENT:  INSERT INTO "moods" ("value","id") VALUES ($1,$2) RETURNING "id"
2022-06-14 00:57:06.764 CEST [32366] ERROR:  relation "moods" does not exist at character 13
2022-06-14 00:57:06.764 CEST [32366] STATEMENT:  INSERT INTO "moods" ("value","id") VALUES ($1,$2) RETURNING "id"
2022-06-14 00:57:11.646 CEST [32366] ERROR:  relation "moods" does not exist at character 15
2022-06-14 00:57:11.646 CEST [32366] STATEMENT:  SELECT * FROM "moods"
2022-06-14 01:04:11.096 CEST [34177] ERROR:  duplicate key value violates unique constraint "moods_pkey"
2022-06-14 01:04:11.096 CEST [34177] DETAIL:  Key (id)=(1) already exists.
2022-06-14 01:04:11.096 CEST [34177] STATEMENT:  INSERT INTO "moods" ("value","date_time","id") VALUES ($1,$2,$3) RETURNING "id"
2022-06-14 01:04:23.595 CEST [34177] ERROR:  duplicate key value violates unique constraint "moods_pkey"
2022-06-14 01:04:23.595 CEST [34177] DETAIL:  Key (id)=(1) already exists.
2022-06-14 01:04:23.595 CEST [34177] STATEMENT:  INSERT INTO "moods" ("value","date_time","id") VALUES ($1,$2,$3) RETURNING "id"
2022-06-14 01:10:27.603 CEST [35206] ERROR:  duplicate key value violates unique constraint "moods_pkey"
2022-06-14 01:10:27.603 CEST [35206] DETAIL:  Key (id)=(1) already exists.
2022-06-14 01:10:27.603 CEST [35206] STATEMENT:  INSERT INTO "moods" ("value","date_time","id") VALUES ($1,$2,$3) RETURNING "id"
2022-06-14 14:15:35.687 CEST [14647] ERROR:  duplicate key value violates unique constraint "moods_pkey"
2022-06-14 14:15:35.687 CEST [14647] DETAIL:  Key (id)=(1) already exists.
2022-06-14 14:15:35.687 CEST [14647] STATEMENT:  INSERT INTO "moods" ("value","date_time","id") VALUES ($1,$2,$3) RETURNING "id"
2022-06-14 14:15:42.787 CEST [14647] ERROR:  duplicate key value violates unique constraint "moods_pkey"
2022-06-14 14:15:42.787 CEST [14647] DETAIL:  Key (id)=(1) already exists.
2022-06-14 14:15:42.787 CEST [14647] STATEMENT:  INSERT INTO "moods" ("value","date_time","id") VALUES ($1,$2,$3) RETURNING "id"
2022-06-14 14:22:12.833 CEST [19552] ERROR:  invalid input syntax for type bigint: "51e82090-9779-43dc-a13b-e042cfe6ff5a"
2022-06-14 14:22:12.833 CEST [19552] CONTEXT:  unnamed portal parameter $1 = '...'
2022-06-14 14:22:12.833 CEST [19552] STATEMENT:  INSERT INTO "moods" ("id","value","date_time") VALUES ($1,$2,$3)
2022-06-14 14:23:47.778 CEST [19818] ERROR:  invalid input syntax for type bigint: "5cfe8ff4-3167-4602-94c4-5e241a048fae"
2022-06-14 14:23:47.778 CEST [19818] CONTEXT:  unnamed portal parameter $1 = '...'
2022-06-14 14:23:47.778 CEST [19818] STATEMENT:  INSERT INTO "moods" ("id","value","date_time") VALUES ($1,$2,$3)
2022-06-14 14:23:51.422 CEST [19818] ERROR:  invalid input syntax for type bigint: "e8fd71cc-078b-4ee9-9ab0-fb4436437b79"
2022-06-14 14:23:51.422 CEST [19818] CONTEXT:  unnamed portal parameter $1 = '...'
2022-06-14 14:23:51.422 CEST [19818] STATEMENT:  INSERT INTO "moods" ("id","value","date_time") VALUES ($1,$2,$3)
2022-06-14 14:31:38.222 CEST [23892] ERROR:  duplicate key value violates unique constraint "moods_pkey"
2022-06-14 14:31:38.222 CEST [23892] DETAIL:  Key (id)=(1) already exists.
2022-06-14 14:31:38.222 CEST [23892] STATEMENT:  INSERT INTO "moods" ("mood") VALUES ($1) RETURNING "id"
2022-06-14 22:05:55.956 CEST [3252] ERROR:  operator does not exist: bigint ~~ unknown at character 32
2022-06-14 22:05:55.956 CEST [3252] HINT:  No operator matches the given name and argument types. You might need to add explicit type casts.
2022-06-14 22:05:55.956 CEST [3252] STATEMENT:  DELETE FROM "moods" WHERE mood LIKE $1
2022-06-14 22:05:55.957 CEST [3252] ERROR:  operator does not exist: bigint ~~ unknown at character 32
2022-06-14 22:05:55.957 CEST [3252] HINT:  No operator matches the given name and argument types. You might need to add explicit type casts.
2022-06-14 22:05:55.957 CEST [3252] STATEMENT:  DELETE FROM "moods" WHERE mood LIKE $1
2022-06-14 22:05:55.957 CEST [3252] ERROR:  operator does not exist: bigint ~~ unknown at character 32
2022-06-14 22:05:55.957 CEST [3252] HINT:  No operator matches the given name and argument types. You might need to add explicit type casts.
2022-06-14 22:05:55.957 CEST [3252] STATEMENT:  DELETE FROM "moods" WHERE mood LIKE $1
2022-06-14 22:05:55.958 CEST [3252] ERROR:  operator does not exist: bigint ~~ unknown at character 32
2022-06-14 22:05:55.958 CEST [3252] HINT:  No operator matches the given name and argument types. You might need to add explicit type casts.
2022-06-14 22:05:55.958 CEST [3252] STATEMENT:  DELETE FROM "moods" WHERE mood LIKE $1
2022-06-14 22:05:55.958 CEST [3252] ERROR:  operator does not exist: bigint ~~ unknown at character 32
2022-06-14 22:05:55.958 CEST [3252] HINT:  No operator matches the given name and argument types. You might need to add explicit type casts.
2022-06-14 22:05:55.958 CEST [3252] STATEMENT:  DELETE FROM "moods" WHERE mood LIKE $1
2022-06-14 22:06:45.884 CEST [3756] ERROR:  operator does not exist: bigint ~~ record at character 32
2022-06-14 22:06:45.884 CEST [3756] HINT:  No operator matches the given name and argument types. You might need to add explicit type casts.
2022-06-14 22:06:45.884 CEST [3756] STATEMENT:  DELETE FROM "moods" WHERE mood LIKE ($1,$2,$3,$4,$5)
2022-06-14 22:10:26.532 CEST [5018] ERROR:  operator does not exist: bigint ~~ record at character 32
2022-06-14 22:10:26.532 CEST [5018] HINT:  No operator matches the given name and argument types. You might need to add explicit type casts.
2022-06-14 22:10:26.532 CEST [5018] STATEMENT:  DELETE FROM "moods" WHERE Mood LIKE ($1,$2,$3,$4,$5)
2022-07-01 10:33:56.745 CEST [14925] LOG:  starting PostgreSQL 14.0 on aarch64-apple-darwin20.6.0, compiled by Apple clang version 12.0.5 (clang-1205.0.22.9), 64-bit
2022-07-01 10:33:56.748 CEST [14925] LOG:  listening on IPv6 address "::1", port 6776
2022-07-01 10:33:56.748 CEST [14925] LOG:  listening on IPv4 address "127.0.0.1", port 6776
2022-07-01 10:33:56.748 CEST [14925] LOG:  listening on Unix socket "/tmp/.s.PGSQL.6776"
2022-07-01 10:33:56.752 CEST [14926] LOG:  database system was interrupted; last known up at 2022-06-14 22:35:52 CEST
2022-07-01 10:33:56.791 CEST [14926] LOG:  database system was not properly shut down; automatic recovery in progress
2022-07-01 10:33:56.793 CEST [14926] LOG:  redo starts at 0/177D0F8
2022-07-01 10:33:56.793 CEST [14926] LOG:  invalid record length at 0/177D1E0: wanted 24, got 0
2022-07-01 10:33:56.793 CEST [14926] LOG:  redo done at 0/177D1A8 system usage: CPU: user: 0.00 s, system: 0.00 s, elapsed: 0.00 s
2022-07-01 10:33:56.798 CEST [14925] LOG:  database system is ready to accept connections
2022-07-02 09:42:57.675 CEST [37861] ERROR:  relation "question_sets" does not exist at character 13
2022-07-02 09:42:57.675 CEST [37861] STATEMENT:  INSERT INTO "question_sets" ("id","set_name","description") VALUES ($1,$2,$3),($4,$5,$6)
2022-07-02 09:45:02.389 CEST [38162] ERROR:  relation "question_sets" does not exist at character 13
2022-07-02 09:45:02.389 CEST [38162] STATEMENT:  INSERT INTO "question_sets" ("id","set_name","description") VALUES ($1,$2,$3)
2022-07-02 09:45:02.394 CEST [38162] ERROR:  relation "question_sets" does not exist at character 13
2022-07-02 09:45:02.394 CEST [38162] STATEMENT:  INSERT INTO "question_sets" ("id","set_name","description") VALUES ($1,$2,$3)
2022-07-02 10:05:53.152 CEST [38353] ERROR:  relation "question_sets" does not exist at character 13
2022-07-02 10:05:53.152 CEST [38353] STATEMENT:  INSERT INTO "question_sets" ("id","set_name","description") VALUES ($1,$2,$3)
2022-07-02 10:05:53.155 CEST [38353] ERROR:  relation "question_sets" does not exist at character 13
2022-07-02 10:05:53.155 CEST [38353] STATEMENT:  INSERT INTO "question_sets" ("id","set_name","description") VALUES ($1,$2,$3)
2022-07-02 10:09:47.481 CEST [39174] ERROR:  relation "question_sets" does not exist at character 13
2022-07-02 10:09:47.481 CEST [39174] STATEMENT:  INSERT INTO "question_sets" ("id","set_name","description") VALUES ($1,$2,$3)
2022-07-02 10:09:47.483 CEST [39174] ERROR:  relation "question_sets" does not exist at character 13
2022-07-02 10:09:47.483 CEST [39174] STATEMENT:  INSERT INTO "question_sets" ("id","set_name","description") VALUES ($1,$2,$3)
2022-07-02 14:34:15.975 CEST [14925] LOG:  received smart shutdown request
2022-07-02 14:34:15.979 CEST [14925] LOG:  background worker "logical replication launcher" (PID 14932) exited with exit code 1
2022-07-02 14:34:15.980 CEST [14927] LOG:  shutting down
2022-07-02 14:34:16.010 CEST [14925] LOG:  database system is shut down
2022-07-03 11:15:32.520 CEST [38860] LOG:  starting PostgreSQL 14.0 on aarch64-apple-darwin20.6.0, compiled by Apple clang version 12.0.5 (clang-1205.0.22.9), 64-bit
2022-07-03 11:15:32.523 CEST [38860] LOG:  listening on IPv6 address "::1", port 6776
2022-07-03 11:15:32.523 CEST [38860] LOG:  listening on IPv4 address "127.0.0.1", port 6776
2022-07-03 11:15:32.523 CEST [38860] LOG:  listening on Unix socket "/tmp/.s.PGSQL.6776"
2022-07-03 11:15:32.527 CEST [38861] LOG:  database system was shut down at 2022-07-02 14:34:15 CEST
2022-07-03 11:15:32.530 CEST [38860] LOG:  database system is ready to accept connections
